0 info it worked if it ends with ok
1 verbose cli [ 'node',
1 verbose cli   '/usr/local/bin/npm',
1 verbose cli   'install',
1 verbose cli   '/Users/yvettecook/node_modules/grunt-mocha-casperjs/' ]
2 info using npm@2.1.11
3 info using node@v0.10.33
4 verbose node symlink /usr/local/bin/node
5 silly cache add args [ '/Users/yvettecook/node_modules/grunt-mocha-casperjs/', null ]
6 verbose cache add spec /Users/yvettecook/node_modules/grunt-mocha-casperjs/
7 silly cache add parsed spec { raw: '/Users/yvettecook/node_modules/grunt-mocha-casperjs/',
7 silly cache add   scope: null,
7 silly cache add   name: null,
7 silly cache add   rawSpec: '/Users/yvettecook/node_modules/grunt-mocha-casperjs/',
7 silly cache add   spec: '/Users/yvettecook/node_modules/grunt-mocha-casperjs',
7 silly cache add   type: 'local' }
8 error addLocal Could not install /Users/yvettecook/node_modules/grunt-mocha-casperjs
9 verbose stack Error: ENOENT, open '/Users/yvettecook/node_modules/grunt-mocha-casperjs'
10 verbose cwd /Users/yvettecook/Documents/Makers/Projects/Twitter-Streak
11 error Darwin 13.4.0
12 error argv "node" "/usr/local/bin/npm" "install" "/Users/yvettecook/node_modules/grunt-mocha-casperjs/"
13 error node v0.10.33
14 error npm  v2.1.11
15 error path /Users/yvettecook/node_modules/grunt-mocha-casperjs
16 error code ENOENT
17 error errno 34
18 error enoent ENOENT, open '/Users/yvettecook/node_modules/grunt-mocha-casperjs'
18 error enoent This is most likely not a problem with npm itself
18 error enoent and is related to npm not being able to find a file.
19 verbose exit [ 34, true ]
